# JRE version: OpenJDK Runtime Environment Temurin-17.0.4.1+1 (17.0.4.1+1) (build 17.0.4.1+1)
# Java VM: OpenJDK 64-Bit Server VM Temurin-17.0.4.1+1 (17.0.4.1+1, mixed mode, emulated-client, tiered, compressed oops, compressed class ptrs, g1 gc, windows-amd64)
GC Precious Log:
 CPUs: 16 total, 16 available
 Memory: 23857M
 Large Page Support: Disabled
 NUMA Support: Disabled
 Compressed Oops: Enabled (Zero based)
 Heap Region Size: 4M
 Heap Min Capacity: 8M
 Heap Initial Capacity: 376M
 Heap Max Capacity: 5968M
 Pre-touch: Disabled
 Parallel Workers: 13
 Concurrent Workers: 3
 Concurrent Refinement Workers: 13
 Periodic GC: Disabled
Heap:
 garbage-first heap   total 98304K, used 27333K [0x000000068b000000, 0x0000000800000000)
  region size 4096K, 1 young (4096K), 0 survivors (0K)
 Metaspace       used 47065K, committed 47424K, reserved 1089536K
  class space    used 6407K, committed 6528K, reserved 1048576K
GC Heap History (20 events):
Event: 29255.191 GC heap before
{Heap before GC invocations=2837 (full 2814):
 garbage-first heap   total 98304K, used 27333K [0x000000068b000000, 0x0000000800000000)
  region size 4096K, 1 young (4096K), 0 survivors (0K)
 Metaspace       used 47065K, committed 47424K, reserved 1089536K
  class space    used 6407K, committed 6528K, reserved 1048576K
}
Event: 29255.216 GC heap after
{Heap after GC invocations=2838 (full 2815):
 garbage-first heap   total 98304K, used 27333K [0x000000068b000000, 0x0000000800000000)
  region size 4096K, 0 young (0K), 0 survivors (0K)
 Metaspace       used 47065K, committed 47424K, reserved 1089536K
  class space    used 6407K, committed 6528K, reserved 1048576K
}
Event: 29265.293 GC heap before
{Heap before GC invocations=2838 (full 2815):
 garbage-first heap   total 98304K, used 27333K [0x000000068b000000, 0x0000000800000000)
  region size 4096K, 1 young (4096K), 0 survivors (0K)
 Metaspace       used 47065K, committed 47424K, reserved 1089536K
  class space    used 6407K, committed 6528K, reserved 1048576K
}
Event: 29265.315 GC heap after
{Heap after GC invocations=2839 (full 2816):
 garbage-first heap   total 98304K, used 27333K [0x000000068b000000, 0x0000000800000000)
  region size 4096K, 0 young (0K), 0 survivors (0K)
 Metaspace       used 47065K, committed 47424K, reserved 1089536K
  class space    used 6407K, committed 6528K, reserved 1048576K
}
Event: 29275.406 GC heap before
{Heap before GC invocations=2839 (full 2816):
 garbage-first heap   total 98304K, used 27333K [0x000000068b000000, 0x0000000800000000)
  region size 4096K, 1 young (4096K), 0 survivors (0K)
 Metaspace       used 47065K, committed 47424K, reserved 1089536K
  class space    used 6407K, committed 6528K, reserved 1048576K
}
Event: 29275.429 GC heap after
{Heap after GC invocations=2840 (full 2817):
 garbage-first heap   total 98304K, used 27333K [0x000000068b000000, 0x0000000800000000)
  region size 4096K, 0 young (0K), 0 survivors (0K)
 Metaspace       used 47065K, committed 47424K, reserved 1089536K
  class space    used 6407K, committed 6528K, reserved 1048576K
}
Event: 29285.509 GC heap before
{Heap before GC invocations=2840 (full 2817):
 garbage-first heap   total 98304K, used 27333K [0x000000068b000000, 0x0000000800000000)
  region size 4096K, 1 young (4096K), 0 survivors (0K)
 Metaspace       used 47065K, committed 47424K, reserved 1089536K
  class space    used 6407K, committed 6528K, reserved 1048576K
}
Event: 29285.533 GC heap after
{Heap after GC invocations=2841 (full 2818):
 garbage-first heap   total 98304K, used 27333K [0x000000068b000000, 0x0000000800000000)
  region size 4096K, 0 young (0K), 0 survivors (0K)
 Metaspace       used 47065K, committed 47424K, reserved 1089536K
  class space    used 6407K, committed 6528K, reserved 1048576K
}
Event: 29295.614 GC heap before
{Heap before GC invocations=2841 (full 2818):
 garbage-first heap   total 98304K, used 27333K [0x000000068b000000, 0x0000000800000000)
  region size 4096K, 1 young (4096K), 0 survivors (0K)
 Metaspace       used 47065K, committed 47424K, reserved 1089536K
  class space    used 6407K, committed 6528K, reserved 1048576K
}
Event: 29295.636 GC heap after
{Heap after GC invocations=2842 (full 2819):
 garbage-first heap   total 98304K, used 27333K [0x000000068b000000, 0x0000000800000000)
  region size 4096K, 0 young (0K), 0 survivors (0K)
 Metaspace       used 47065K, committed 47424K, reserved 1089536K
  class space    used 6407K, committed 6528K, reserved 1048576K
}
Event: 29305.711 GC heap before
{Heap before GC invocations=2842 (full 2819):
 garbage-first heap   total 98304K, used 27333K [0x000000068b000000, 0x0000000800000000)
  region size 4096K, 1 young (4096K), 0 survivors (0K)
 Metaspace       used 47065K, committed 47424K, reserved 1089536K
  class space    used 6407K, committed 6528K, reserved 1048576K
}
Event: 29305.735 GC heap after
{Heap after GC invocations=2843 (full 2820):
 garbage-first heap   total 98304K, used 27333K [0x000000068b000000, 0x0000000800000000)
  region size 4096K, 0 young (0K), 0 survivors (0K)
 Metaspace       used 47065K, committed 47424K, reserved 1089536K
  class space    used 6407K, committed 6528K, reserved 1048576K
}
Event: 29315.819 GC heap before
{Heap before GC invocations=2843 (full 2820):
 garbage-first heap   total 98304K, used 27333K [0x000000068b000000, 0x0000000800000000)
  region size 4096K, 1 young (4096K), 0 survivors (0K)
 Metaspace       used 47065K, committed 47424K, reserved 1089536K
  class space    used 6407K, committed 6528K, reserved 1048576K
}
Event: 29315.841 GC heap after
{Heap after GC invocations=2844 (full 2821):
 garbage-first heap   total 98304K, used 27333K [0x000000068b000000, 0x0000000800000000)
  region size 4096K, 0 young (0K), 0 survivors (0K)
 Metaspace       used 47065K, committed 47424K, reserved 1089536K
  class space    used 6407K, committed 6528K, reserved 1048576K
}
Event: 29325.943 GC heap before
{Heap before GC invocations=2844 (full 2821):
 garbage-first heap   total 98304K, used 27333K [0x000000068b000000, 0x0000000800000000)
  region size 4096K, 1 young (4096K), 0 survivors (0K)
 Metaspace       used 47065K, committed 47424K, reserved 1089536K
  class space    used 6407K, committed 6528K, reserved 1048576K
}
Event: 29325.971 GC heap after
{Heap after GC invocations=2845 (full 2822):
 garbage-first heap   total 98304K, used 27333K [0x000000068b000000, 0x0000000800000000)
  region size 4096K, 0 young (0K), 0 survivors (0K)
 Metaspace       used 47065K, committed 47424K, reserved 1089536K
  class space    used 6407K, committed 6528K, reserved 1048576K
}
Event: 29336.104 GC heap before
{Heap before GC invocations=2845 (full 2822):
 garbage-first heap   total 98304K, used 27333K [0x000000068b000000, 0x0000000800000000)
  region size 4096K, 1 young (4096K), 0 survivors (0K)
 Metaspace       used 47065K, committed 47424K, reserved 1089536K
  class space    used 6407K, committed 6528K, reserved 1048576K
}
Event: 29336.134 GC heap after
{Heap after GC invocations=2846 (full 2823):
 garbage-first heap   total 98304K, used 27333K [0x000000068b000000, 0x0000000800000000)
  region size 4096K, 0 young (0K), 0 survivors (0K)
 Metaspace       used 47065K, committed 47424K, reserved 1089536K
  class space    used 6407K, committed 6528K, reserved 1048576K
}
Event: 29346.304 GC heap before
{Heap before GC invocations=2846 (full 2823):
 garbage-first heap   total 98304K, used 27333K [0x000000068b000000, 0x0000000800000000)
  region size 4096K, 1 young (4096K), 0 survivors (0K)
 Metaspace       used 47065K, committed 47424K, reserved 1089536K
  class space    used 6407K, committed 6528K, reserved 1048576K
}
Event: 29346.339 GC heap after
{Heap after GC invocations=2847 (full 2824):
 garbage-first heap   total 98304K, used 27333K [0x000000068b000000, 0x0000000800000000)
  region size 4096K, 0 young (0K), 0 survivors (0K)
 Metaspace       used 47065K, committed 47424K, reserved 1089536K
  class space    used 6407K, committed 6528K, reserved 1048576K
}

